<?xml version="1.0" encoding="UTF-8"?>
<!-- Generated by org.testng.reporters.JUnitReportReporter -->
<testsuite hostname="REM-LT-230201A" failures="0" tests="1" name="com.unosquare.ExamplePostCreate" time="2.882" errors="0" timestamp="2023-02-13T11:46:25 CST" skipped="0">
  <testcase classname="com.unosquare.ExamplePostCreate" name="a" time="2.882"/>
  <system-out>
    <![CDATA[{"id":"575","createdAt":"2023-02-13T17:46:14.885Z"}
201
{}
https://reqres.in/api]]>
  </system-out>
</testsuite> <!-- com.unosquare.ExamplePostCreate -->
