<?xml version="1.0" encoding="UTF-8"?>
<!-- Generated by org.testng.reporters.JUnitReportReporter -->
<testsuite hostname="REM-LT-230201A" failures="0" tests="2" name="com.unosquare.test" time="2.068" errors="0" timestamp="2023-02-07T23:03:14 CST" skipped="0">
  <testcase classname="com.unosquare.test" name="test_2" time="0.223"/>
  <system-out/>
  <testcase classname="com.unosquare.test" name="test_1" time="1.845"/>
  <system-out/>
</testsuite> <!-- com.unosquare.test -->
