<?xml version="1.0" encoding="UTF-8"?>
<!-- Generated by org.testng.reporters.JUnitReportReporter -->
<testsuite hostname="REM-LT-230201A" failures="0" tests="1" name="com.unosquare.PRFinal.jsonreader" time="3.631" errors="0" timestamp="2023-02-13T13:54:08 CST" skipped="0">
  <testcase classname="com.unosquare.PRFinal.jsonreader" name="a" time="3.631"/>
  <system-out>
    <![CDATA[{"name":"morpheus","job":"leader","id":"579","createdAt":"2023-02-13T19:53:56.603Z"}
201
{"name":"morpheus","job":"leader"}
https://reqres.in/api
{"name":"Grimes","job":"singer","id":"211","createdAt":"2023-02-13T19:53:57.279Z"}
201
{"name":"Grimes","job":"singer"}
https://reqres.in/api]]>
  </system-out>
</testsuite> <!-- com.unosquare.PRFinal.jsonreader -->
