<?xml version="1.0" encoding="UTF-8"?>
<!-- Generated by org.testng.reporters.JUnitReportReporter -->
<testsuite hostname="REM-LT-230201A" failures="0" tests="1" name="com.unosquare.FirstAPIJava" time="1.909" errors="0" timestamp="2023-02-07T19:30:06 CST" skipped="0">
  <testcase classname="com.unosquare.FirstAPIJava" name="f" time="1.909"/>
  <system-out>
    <![CDATA[Sucess 200 validation]]>
  </system-out>
</testsuite> <!-- com.unosquare.FirstAPIJava -->
