<?xml version="1.0" encoding="UTF-8"?>
<!-- Generated by org.testng.reporters.JUnitReportReporter -->
<testsuite hostname="REM-LT-230201A" failures="0" tests="1" name="com.unosquare.ExamplePostCreate" time="2.600" errors="0" timestamp="2023-02-09T00:50:39 CST" skipped="0">
  <testcase classname="com.unosquare.ExamplePostCreate" name="a" time="2.600"/>
  <system-out>
    <![CDATA[{"name":"morpheus","job":"leader","id":"965","createdAt":"2023-02-09T06:50:28.302Z"}
201
{"name":"morpheus","job":"leader"}
https://reqres.in/api
{"name":"Grimes","job":"singer","id":"858","createdAt":"2023-02-09T06:50:28.829Z"}
201
{"name":"Grimes","job":"singer"}
https://reqres.in/api]]>
  </system-out>
</testsuite> <!-- com.unosquare.ExamplePostCreate -->
