<?xml version="1.0" encoding="UTF-8"?>
<!-- Generated by org.testng.reporters.JUnitReportReporter -->
<testsuite hostname="REM-LT-230201A" failures="0" tests="4" name="com.unosquare.FirstAPIJava" time="4.142" errors="0" timestamp="2023-02-08T22:32:24 CST" skipped="0">
  <testcase classname="com.unosquare.FirstAPIJava" name="f" time="3.029"/>
  <system-out>
    <![CDATA[{"data":{"id":2,"email":"janet.weaver@reqres.in","first_name":"Janet","last_name":"Weaver","avatar":"https://reqres.in/img/faces/2-image.jpg"},"support":{"url":"https://reqres.in/#support-heading","text":"To keep ReqRes free, contributions towards server costs are appreciated!"}}]]>
  </system-out>
  <testcase classname="com.unosquare.FirstAPIJava" name="g" time="0.504"/>
  <system-out>
    <![CDATA[{"data":{"id":2,"name":"fuchsia rose","year":2001,"color":"#C74375","pantone_value":"17-2031"},"support":{"url":"https://reqres.in/#support-heading","text":"To keep ReqRes free, contributions towards server costs are appreciated!"}}]]>
  </system-out>
  <testcase classname="com.unosquare.FirstAPIJava" name="fixCode" time="0.193"/>
  <system-out>
    <![CDATA[Sucess 200 validation]]>
  </system-out>
  <testcase classname="com.unosquare.FirstAPIJava" name="post_1" time="0.416"/>
  <system-out/>
</testsuite> <!-- com.unosquare.FirstAPIJava -->
