<?xml version="1.0" encoding="UTF-8"?>
<!-- Generated by org.testng.reporters.JUnitReportReporter -->
<testsuite hostname="REM-LT-230201A" failures="0" tests="1" name="com.unosquare.PRFinal.Encapsulation" time="0.838" errors="0" timestamp="2023-02-09T13:49:10 CST" skipped="0">
  <testcase classname="com.unosquare.PRFinal.Encapsulation" name="testEnapsulation" time="0.838"/>
  <system-out/>
</testsuite> <!-- com.unosquare.PRFinal.Encapsulation -->
