<?xml version="1.0" encoding="UTF-8"?>
<!-- Generated by org.testng.reporters.JUnitReportReporter -->
<testsuite hostname="REM-LT-230201A" failures="0" tests="1" name="com.unosquare.PRFinal.testPostUser" time="2.501" errors="0" timestamp="2023-02-17T12:14:00 CST" skipped="0">
  <testcase classname="com.unosquare.PRFinal.testPostUser" name="validatePostAddUser" time="2.501"/>
  <system-out/>
</testsuite> <!-- com.unosquare.PRFinal.testPostUser -->
