<?xml version="1.0" encoding="UTF-8"?>
<!-- Generated by org.testng.reporters.JUnitReportReporter -->
<testsuite hostname="REM-LT-230201A" failures="0" tests="1" name="com.unosquare.FirstAPITest" time="0.010" errors="0" timestamp="2023-02-07T19:20:39 CST" skipped="0">
  <testcase classname="com.unosquare.FirstAPITest" name="f" time="0.010"/>
  <system-out/>
</testsuite> <!-- com.unosquare.FirstAPITest -->
